[05-Nov-2023 12:12:37 UTC] PHP Parse error:  syntax error, unexpected token "echo" in /Users/Jasonpedicone_1/Local Sites/test-site/app/public/test.php on line 4
[05-Nov-2023 12:12:51 UTC] PHP Parse error:  syntax error, unexpected token "echo" in /Users/Jasonpedicone_1/Local Sites/test-site/app/public/test.php on line 4
[05-Nov-2023 12:12:52 UTC] PHP Parse error:  syntax error, unexpected token "echo" in /Users/Jasonpedicone_1/Local Sites/test-site/app/public/test.php on line 4
[05-Nov-2023 12:46:25 UTC] PHP Parse error:  syntax error, unexpected token "echo" in /Users/Jasonpedicone_1/Local Sites/test-site/app/public/test.php on line 6
[05-Nov-2023 12:46:55 UTC] PHP Warning:  Constant NAME already defined in /Users/Jasonpedicone_1/Local Sites/test-site/app/public/test.php on line 4
[05-Nov-2023 13:16:18 UTC] PHP Deprecated:  Return type of WP_CLI\Iterators\Transform::current() should either be compatible with IteratorIterator::current(): mixed, or the #[\ReturnTypeWillChange] attribute should be used to temporarily suppress the notice in phar:///Applications/Local.app/Contents/Resources/extraResources/bin/wp-cli/wp-cli.phar/vendor/wp-cli/wp-cli/php/WP_CLI/Iterators/Transform.php on line 18
[05-Nov-2023 13:16:18 UTC] PHP Deprecated:  Return type of WP_CLI\Iterators\Transform::current() should either be compatible with IteratorIterator::current(): mixed, or the #[\ReturnTypeWillChange] attribute should be used to temporarily suppress the notice in phar:///Applications/Local.app/Contents/Resources/extraResources/bin/wp-cli/wp-cli.phar/vendor/wp-cli/wp-cli/php/WP_CLI/Iterators/Transform.php on line 18
[05-Nov-2023 14:25:30 UTC] PHP Warning:  mysqli_real_connect(): (HY000/2002): No such file or directory in /Users/Jasonpedicone_1/Local Sites/test-site/app/public/wp-includes/class-wpdb.php on line 2035
[05-Nov-2023 14:25:32 UTC] PHP Warning:  mysqli_real_connect(): (HY000/2002): No such file or directory in /Users/Jasonpedicone_1/Local Sites/test-site/app/public/wp-includes/class-wpdb.php on line 2035
[05-Nov-2023 14:25:32 UTC] PHP Warning:  mysqli_real_connect(): (HY000/2002): No such file or directory in /Users/Jasonpedicone_1/Local Sites/test-site/app/public/wp-includes/class-wpdb.php on line 2035
[05-Nov-2023 14:25:34 UTC] PHP Deprecated:  Return type of WP_CLI\Iterators\Transform::current() should either be compatible with IteratorIterator::current(): mixed, or the #[\ReturnTypeWillChange] attribute should be used to temporarily suppress the notice in phar:///Applications/Local.app/Contents/Resources/extraResources/bin/wp-cli/wp-cli.phar/vendor/wp-cli/wp-cli/php/WP_CLI/Iterators/Transform.php on line 18
[05-Nov-2023 14:25:58 UTC] PHP Warning:  mysqli_real_connect(): (HY000/2002): No such file or directory in /Users/Jasonpedicone_1/Local Sites/test-site/app/public/wp-includes/class-wpdb.php on line 2035
[05-Nov-2023 14:26:02 UTC] PHP Deprecated:  Return type of WP_CLI\Iterators\Transform::current() should either be compatible with IteratorIterator::current(): mixed, or the #[\ReturnTypeWillChange] attribute should be used to temporarily suppress the notice in phar:///Applications/Local.app/Contents/Resources/extraResources/bin/wp-cli/wp-cli.phar/vendor/wp-cli/wp-cli/php/WP_CLI/Iterators/Transform.php on line 18
[05-Nov-2023 17:21:04 UTC] PHP Warning:  mysqli_real_connect(): (HY000/2002): No such file or directory in /Users/Jasonpedicone_1/Local Sites/test-site/app/public/wp-includes/class-wpdb.php on line 2035
[05-Nov-2023 17:21:05 UTC] PHP Warning:  mysqli_real_connect(): (HY000/2002): No such file or directory in /Users/Jasonpedicone_1/Local Sites/test-site/app/public/wp-includes/class-wpdb.php on line 2035
[05-Nov-2023 17:21:05 UTC] PHP Warning:  mysqli_real_connect(): (HY000/2002): No such file or directory in /Users/Jasonpedicone_1/Local Sites/test-site/app/public/wp-includes/class-wpdb.php on line 2035
[05-Nov-2023 17:21:11 UTC] PHP Deprecated:  Return type of WP_CLI\Iterators\Transform::current() should either be compatible with IteratorIterator::current(): mixed, or the #[\ReturnTypeWillChange] attribute should be used to temporarily suppress the notice in phar:///Applications/Local.app/Contents/Resources/extraResources/bin/wp-cli/wp-cli.phar/vendor/wp-cli/wp-cli/php/WP_CLI/Iterators/Transform.php on line 18
[05-Nov-2023 22:08:51 UTC] PHP Warning:  mysqli_real_connect(): (HY000/2002): No such file or directory in /Users/Jasonpedicone_1/Local Sites/test-site/app/public/wp-includes/class-wpdb.php on line 2035
[05-Nov-2023 22:08:53 UTC] PHP Warning:  mysqli_real_connect(): (HY000/2002): No such file or directory in /Users/Jasonpedicone_1/Local Sites/test-site/app/public/wp-includes/class-wpdb.php on line 2035
[05-Nov-2023 22:08:53 UTC] PHP Warning:  mysqli_real_connect(): (HY000/2002): No such file or directory in /Users/Jasonpedicone_1/Local Sites/test-site/app/public/wp-includes/class-wpdb.php on line 2035
[05-Nov-2023 22:08:55 UTC] PHP Deprecated:  Return type of WP_CLI\Iterators\Transform::current() should either be compatible with IteratorIterator::current(): mixed, or the #[\ReturnTypeWillChange] attribute should be used to temporarily suppress the notice in phar:///Applications/Local.app/Contents/Resources/extraResources/bin/wp-cli/wp-cli.phar/vendor/wp-cli/wp-cli/php/WP_CLI/Iterators/Transform.php on line 18
[06-Nov-2023 11:14:23 UTC] PHP Deprecated:  Return type of WP_CLI\Iterators\Transform::current() should either be compatible with IteratorIterator::current(): mixed, or the #[\ReturnTypeWillChange] attribute should be used to temporarily suppress the notice in phar:///Applications/Local.app/Contents/Resources/extraResources/bin/wp-cli/wp-cli.phar/vendor/wp-cli/wp-cli/php/WP_CLI/Iterators/Transform.php on line 18
[06-Nov-2023 11:20:58 UTC] PHP Notice:  Error when decoding a JSON file at path /Users/Jasonpedicone_1/Local Sites/test-site/app/public/wp-content/themes/udemy/theme.json: Syntax error in /Users/Jasonpedicone_1/Local Sites/test-site/app/public/wp-includes/functions.php on line 4578
[06-Nov-2023 11:21:31 UTC] PHP Notice:  Error when decoding a JSON file at path /Users/Jasonpedicone_1/Local Sites/test-site/app/public/wp-content/themes/udemy/theme.json: Syntax error in /Users/Jasonpedicone_1/Local Sites/test-site/app/public/wp-includes/functions.php on line 4578
[06-Nov-2023 11:21:31 UTC] PHP Notice:  Error when decoding a JSON file at path /Users/Jasonpedicone_1/Local Sites/test-site/app/public/wp-content/themes/udemy/theme.json: Syntax error in /Users/Jasonpedicone_1/Local Sites/test-site/app/public/wp-includes/functions.php on line 4578
[06-Nov-2023 11:21:31 UTC] PHP Notice:  Error when decoding a JSON file at path /Users/Jasonpedicone_1/Local Sites/test-site/app/public/wp-content/themes/udemy/theme.json: Syntax error in /Users/Jasonpedicone_1/Local Sites/test-site/app/public/wp-includes/functions.php on line 4578
[06-Nov-2023 11:21:59 UTC] PHP Notice:  Error when decoding a JSON file at path /Users/Jasonpedicone_1/Local Sites/test-site/app/public/wp-content/themes/udemy/theme.json: Syntax error in /Users/Jasonpedicone_1/Local Sites/test-site/app/public/wp-includes/functions.php on line 4578
[06-Nov-2023 11:22:00 UTC] PHP Notice:  Error when decoding a JSON file at path /Users/Jasonpedicone_1/Local Sites/test-site/app/public/wp-content/themes/udemy/theme.json: Syntax error in /Users/Jasonpedicone_1/Local Sites/test-site/app/public/wp-includes/functions.php on line 4578
[07-Nov-2023 02:48:55 UTC] PHP Warning:  mysqli_real_connect(): (HY000/2002): No such file or directory in /Users/Jasonpedicone_1/Local Sites/test-site/app/public/wp-includes/class-wpdb.php on line 2035
[07-Nov-2023 02:48:55 UTC] PHP Warning:  mysqli_real_connect(): (HY000/2002): No such file or directory in /Users/Jasonpedicone_1/Local Sites/test-site/app/public/wp-includes/class-wpdb.php on line 2035
[07-Nov-2023 02:48:57 UTC] PHP Deprecated:  Return type of WP_CLI\Iterators\Transform::current() should either be compatible with IteratorIterator::current(): mixed, or the #[\ReturnTypeWillChange] attribute should be used to temporarily suppress the notice in phar:///Applications/Local.app/Contents/Resources/extraResources/bin/wp-cli/wp-cli.phar/vendor/wp-cli/wp-cli/php/WP_CLI/Iterators/Transform.php on line 18
[07-Nov-2023 03:53:40 UTC] PHP Fatal error:  Uncaught Error: Call to undefined function get_them_file_uri() in /Users/Jasonpedicone_1/Local Sites/test-site/app/public/wp-content/themes/udemy/includes/front/enqueue.php:11
Stack trace:
#0 /Users/Jasonpedicone_1/Local Sites/test-site/app/public/wp-includes/class-wp-hook.php(310): u_enqueue('')
#1 /Users/Jasonpedicone_1/Local Sites/test-site/app/public/wp-includes/class-wp-hook.php(334): WP_Hook->apply_filters(NULL, Array)
#2 /Users/Jasonpedicone_1/Local Sites/test-site/app/public/wp-includes/plugin.php(517): WP_Hook->do_action(Array)
#3 /Users/Jasonpedicone_1/Local Sites/test-site/app/public/wp-includes/script-loader.php(2225): do_action('wp_enqueue_scri...')
#4 /Users/Jasonpedicone_1/Local Sites/test-site/app/public/wp-includes/class-wp-hook.php(310): wp_enqueue_scripts('')
#5 /Users/Jasonpedicone_1/Local Sites/test-site/app/public/wp-includes/class-wp-hook.php(334): WP_Hook->apply_filters(NULL, Array)
#6 /Users/Jasonpedicone_1/Local Sites/test-site/app/public/wp-includes/plugin.php(517): WP_Hook->do_action(Array)
#7 /Users/Jasonpedicone_1/Local Sites/test-site/app/public/wp-includes/general-template.php(3053): do_action('wp_head')
#8 /Users/Jasonpedicone_1/Local Sites/test-site/app/public/wp-includes/template-canvas.php(17): wp_head()
#9 /Users/Jasonpedicone_1/Local Sites/test-site/app/public/wp-includes/template-loader.php(106): include('/Users/Jasonped...')
#10 /Users/Jasonpedicone_1/Local Sites/test-site/app/public/wp-blog-header.php(19): require_once('/Users/Jasonped...')
#11 /Users/Jasonpedicone_1/Local Sites/test-site/app/public/index.php(17): require('/Users/Jasonped...')
#12 {main}
  thrown in /Users/Jasonpedicone_1/Local Sites/test-site/app/public/wp-content/themes/udemy/includes/front/enqueue.php on line 11
[07-Nov-2023 04:04:03 UTC] PHP Parse error:  syntax error, unexpected end of file in /Users/Jasonpedicone_1/Local Sites/test-site/app/public/wp-content/themes/udemy/functions.php on line 12
[07-Nov-2023 04:04:03 UTC] PHP Parse error:  syntax error, unexpected end of file in /Users/Jasonpedicone_1/Local Sites/test-site/app/public/wp-content/themes/udemy/functions.php on line 12
[07-Nov-2023 04:04:17 UTC] PHP Warning:  include(/Users/Jasonpedicone_1/Local Sites/test-site/app/public/wp-content/themes/udemy/includes/front/head.php): Failed to open stream: No such file or directory in /Users/Jasonpedicone_1/Local Sites/test-site/app/public/wp-content/themes/udemy/functions.php on line 7
[07-Nov-2023 04:04:17 UTC] PHP Warning:  include(): Failed opening '/Users/Jasonpedicone_1/Local Sites/test-site/app/public/wp-content/themes/udemy/includes/front/head.php' for inclusion (include_path='.:/usr/share/php:/www/wp-content/pear') in /Users/Jasonpedicone_1/Local Sites/test-site/app/public/wp-content/themes/udemy/functions.php on line 7
[07-Nov-2023 04:04:17 UTC] PHP Fatal error:  Uncaught TypeError: call_user_func_array(): Argument #1 ($callback) must be a valid callback, function "u_head" not found or invalid function name in /Users/Jasonpedicone_1/Local Sites/test-site/app/public/wp-includes/class-wp-hook.php:310
Stack trace:
#0 /Users/Jasonpedicone_1/Local Sites/test-site/app/public/wp-includes/class-wp-hook.php(334): WP_Hook->apply_filters(NULL, Array)
#1 /Users/Jasonpedicone_1/Local Sites/test-site/app/public/wp-includes/plugin.php(517): WP_Hook->do_action(Array)
#2 /Users/Jasonpedicone_1/Local Sites/test-site/app/public/wp-includes/general-template.php(3053): do_action('wp_head')
#3 /Users/Jasonpedicone_1/Local Sites/test-site/app/public/wp-includes/template-canvas.php(17): wp_head()
#4 /Users/Jasonpedicone_1/Local Sites/test-site/app/public/wp-includes/template-loader.php(106): include('/Users/Jasonped...')
#5 /Users/Jasonpedicone_1/Local Sites/test-site/app/public/wp-blog-header.php(19): require_once('/Users/Jasonped...')
#6 /Users/Jasonpedicone_1/Local Sites/test-site/app/public/index.php(17): require('/Users/Jasonped...')
#7 {main}
  thrown in /Users/Jasonpedicone_1/Local Sites/test-site/app/public/wp-includes/class-wp-hook.php on line 310
[07-Nov-2023 04:04:17 UTC] PHP Warning:  include(/Users/Jasonpedicone_1/Local Sites/test-site/app/public/wp-content/themes/udemy/includes/front/head.php): Failed to open stream: No such file or directory in /Users/Jasonpedicone_1/Local Sites/test-site/app/public/wp-content/themes/udemy/functions.php on line 7
[07-Nov-2023 04:04:17 UTC] PHP Warning:  include(): Failed opening '/Users/Jasonpedicone_1/Local Sites/test-site/app/public/wp-content/themes/udemy/includes/front/head.php' for inclusion (include_path='.:/usr/share/php:/www/wp-content/pear') in /Users/Jasonpedicone_1/Local Sites/test-site/app/public/wp-content/themes/udemy/functions.php on line 7
[07-Nov-2023 10:56:34 UTC] PHP Warning:  mysqli_real_connect(): (HY000/2002): No such file or directory in /Users/Jasonpedicone_1/Local Sites/test-site/app/public/wp-includes/class-wpdb.php on line 2035
[07-Nov-2023 10:56:34 UTC] PHP Warning:  mysqli_real_connect(): (HY000/2002): No such file or directory in /Users/Jasonpedicone_1/Local Sites/test-site/app/public/wp-includes/class-wpdb.php on line 2035
[07-Nov-2023 10:56:36 UTC] PHP Deprecated:  Return type of WP_CLI\Iterators\Transform::current() should either be compatible with IteratorIterator::current(): mixed, or the #[\ReturnTypeWillChange] attribute should be used to temporarily suppress the notice in phar:///Applications/Local.app/Contents/Resources/extraResources/bin/wp-cli/wp-cli.phar/vendor/wp-cli/wp-cli/php/WP_CLI/Iterators/Transform.php on line 18
[07-Nov-2023 12:07:25 UTC] PHP Deprecated:  rtrim(): Passing null to parameter #1 ($string) of type string is deprecated in /Users/Jasonpedicone_1/Local Sites/test-site/app/public/wp-content/plugins/fakerpress/src/FakerPress/Provider/HTML.php on line 180
[07-Nov-2023 12:07:40 UTC] PHP Deprecated:  rtrim(): Passing null to parameter #1 ($string) of type string is deprecated in /Users/Jasonpedicone_1/Local Sites/test-site/app/public/wp-content/plugins/fakerpress/src/FakerPress/Provider/HTML.php on line 180
[07-Nov-2023 12:07:45 UTC] PHP Deprecated:  rtrim(): Passing null to parameter #1 ($string) of type string is deprecated in /Users/Jasonpedicone_1/Local Sites/test-site/app/public/wp-content/plugins/fakerpress/src/FakerPress/Provider/HTML.php on line 180
[07-Nov-2023 12:07:55 UTC] PHP Deprecated:  rtrim(): Passing null to parameter #1 ($string) of type string is deprecated in /Users/Jasonpedicone_1/Local Sites/test-site/app/public/wp-content/plugins/fakerpress/src/FakerPress/Provider/HTML.php on line 180
[07-Nov-2023 12:39:58 UTC] PHP Warning:  include(/Users/Jasonpedicone_1/Local Sites/test-site/app/public/wp-content/themes/udemy/includes/setup.php): Failed to open stream: No such file or directory in /Users/Jasonpedicone_1/Local Sites/test-site/app/public/wp-content/themes/udemy/functions.php on line 8
[07-Nov-2023 12:39:58 UTC] PHP Warning:  include(): Failed opening '/Users/Jasonpedicone_1/Local Sites/test-site/app/public/wp-content/themes/udemy/includes/setup.php' for inclusion (include_path='.:/usr/share/php:/www/wp-content/pear') in /Users/Jasonpedicone_1/Local Sites/test-site/app/public/wp-content/themes/udemy/functions.php on line 8
[07-Nov-2023 12:39:58 UTC] PHP Fatal error:  Uncaught ArgumentCountError: Too few arguments to function add_action(), 1 passed in /Users/Jasonpedicone_1/Local Sites/test-site/app/public/wp-content/themes/udemy/functions.php on line 14 and at least 2 expected in /Users/Jasonpedicone_1/Local Sites/test-site/app/public/wp-includes/plugin.php:441
Stack trace:
#0 /Users/Jasonpedicone_1/Local Sites/test-site/app/public/wp-content/themes/udemy/functions.php(14): add_action('after_setup_the...')
#1 /Users/Jasonpedicone_1/Local Sites/test-site/app/public/wp-settings.php(600): include('/Users/Jasonped...')
#2 /Users/Jasonpedicone_1/Local Sites/test-site/app/public/wp-config.php(102): require_once('/Users/Jasonped...')
#3 /Users/Jasonpedicone_1/Local Sites/test-site/app/public/wp-load.php(50): require_once('/Users/Jasonped...')
#4 /Users/Jasonpedicone_1/Local Sites/test-site/app/public/wp-admin/admin-ajax.php(22): require_once('/Users/Jasonped...')
#5 {main}
  thrown in /Users/Jasonpedicone_1/Local Sites/test-site/app/public/wp-includes/plugin.php on line 441
[07-Nov-2023 12:40:00 UTC] PHP Warning:  include(/Users/Jasonpedicone_1/Local Sites/test-site/app/public/wp-content/themes/udemy/includes/setup.php): Failed to open stream: No such file or directory in /Users/Jasonpedicone_1/Local Sites/test-site/app/public/wp-content/themes/udemy/functions.php on line 8
[07-Nov-2023 12:40:00 UTC] PHP Warning:  include(): Failed opening '/Users/Jasonpedicone_1/Local Sites/test-site/app/public/wp-content/themes/udemy/includes/setup.php' for inclusion (include_path='.:/usr/share/php:/www/wp-content/pear') in /Users/Jasonpedicone_1/Local Sites/test-site/app/public/wp-content/themes/udemy/functions.php on line 8
[07-Nov-2023 12:40:00 UTC] PHP Fatal error:  Uncaught ArgumentCountError: Too few arguments to function add_action(), 1 passed in /Users/Jasonpedicone_1/Local Sites/test-site/app/public/wp-content/themes/udemy/functions.php on line 14 and at least 2 expected in /Users/Jasonpedicone_1/Local Sites/test-site/app/public/wp-includes/plugin.php:441
Stack trace:
#0 /Users/Jasonpedicone_1/Local Sites/test-site/app/public/wp-content/themes/udemy/functions.php(14): add_action('after_setup_the...')
#1 /Users/Jasonpedicone_1/Local Sites/test-site/app/public/wp-settings.php(600): include('/Users/Jasonped...')
#2 /Users/Jasonpedicone_1/Local Sites/test-site/app/public/wp-config.php(102): require_once('/Users/Jasonped...')
#3 /Users/Jasonpedicone_1/Local Sites/test-site/app/public/wp-load.php(50): require_once('/Users/Jasonped...')
#4 /Users/Jasonpedicone_1/Local Sites/test-site/app/public/wp-admin/admin.php(34): require_once('/Users/Jasonped...')
#5 /Users/Jasonpedicone_1/Local Sites/test-site/app/public/wp-admin/site-editor.php(12): require_once('/Users/Jasonped...')
#6 {main}
  thrown in /Users/Jasonpedicone_1/Local Sites/test-site/app/public/wp-includes/plugin.php on line 441
[07-Nov-2023 12:40:00 UTC] PHP Warning:  include(/Users/Jasonpedicone_1/Local Sites/test-site/app/public/wp-content/themes/udemy/includes/setup.php): Failed to open stream: No such file or directory in /Users/Jasonpedicone_1/Local Sites/test-site/app/public/wp-content/themes/udemy/functions.php on line 8
[07-Nov-2023 12:40:00 UTC] PHP Warning:  include(): Failed opening '/Users/Jasonpedicone_1/Local Sites/test-site/app/public/wp-content/themes/udemy/includes/setup.php' for inclusion (include_path='.:/usr/share/php:/www/wp-content/pear') in /Users/Jasonpedicone_1/Local Sites/test-site/app/public/wp-content/themes/udemy/functions.php on line 8
[07-Nov-2023 12:40:00 UTC] PHP Fatal error:  Uncaught ArgumentCountError: Too few arguments to function add_action(), 1 passed in /Users/Jasonpedicone_1/Local Sites/test-site/app/public/wp-content/themes/udemy/functions.php on line 14 and at least 2 expected in /Users/Jasonpedicone_1/Local Sites/test-site/app/public/wp-includes/plugin.php:441
Stack trace:
#0 /Users/Jasonpedicone_1/Local Sites/test-site/app/public/wp-content/themes/udemy/functions.php(14): add_action('after_setup_the...')
#1 /Users/Jasonpedicone_1/Local Sites/test-site/app/public/wp-settings.php(600): include('/Users/Jasonped...')
#2 /Users/Jasonpedicone_1/Local Sites/test-site/app/public/wp-config.php(102): require_once('/Users/Jasonped...')
#3 /Users/Jasonpedicone_1/Local Sites/test-site/app/public/wp-load.php(50): require_once('/Users/Jasonped...')
#4 /Users/Jasonpedicone_1/Local Sites/test-site/app/public/wp-blog-header.php(13): require_once('/Users/Jasonped...')
#5 /Users/Jasonpedicone_1/Local Sites/test-site/app/public/index.php(17): require('/Users/Jasonped...')
#6 {main}
  thrown in /Users/Jasonpedicone_1/Local Sites/test-site/app/public/wp-includes/plugin.php on line 441
[07-Nov-2023 12:41:16 UTC] PHP Fatal error:  Uncaught ArgumentCountError: Too few arguments to function add_action(), 1 passed in /Users/Jasonpedicone_1/Local Sites/test-site/app/public/wp-content/themes/udemy/functions.php on line 14 and at least 2 expected in /Users/Jasonpedicone_1/Local Sites/test-site/app/public/wp-includes/plugin.php:441
Stack trace:
#0 /Users/Jasonpedicone_1/Local Sites/test-site/app/public/wp-content/themes/udemy/functions.php(14): add_action('after_setup_the...')
#1 /Users/Jasonpedicone_1/Local Sites/test-site/app/public/wp-settings.php(600): include('/Users/Jasonped...')
#2 /Users/Jasonpedicone_1/Local Sites/test-site/app/public/wp-config.php(102): require_once('/Users/Jasonped...')
#3 /Users/Jasonpedicone_1/Local Sites/test-site/app/public/wp-load.php(50): require_once('/Users/Jasonped...')
#4 /Users/Jasonpedicone_1/Local Sites/test-site/app/public/wp-admin/admin.php(34): require_once('/Users/Jasonped...')
#5 /Users/Jasonpedicone_1/Local Sites/test-site/app/public/wp-admin/site-editor.php(12): require_once('/Users/Jasonped...')
#6 {main}
  thrown in /Users/Jasonpedicone_1/Local Sites/test-site/app/public/wp-includes/plugin.php on line 441
[07-Nov-2023 12:41:16 UTC] PHP Fatal error:  Uncaught ArgumentCountError: Too few arguments to function add_action(), 1 passed in /Users/Jasonpedicone_1/Local Sites/test-site/app/public/wp-content/themes/udemy/functions.php on line 14 and at least 2 expected in /Users/Jasonpedicone_1/Local Sites/test-site/app/public/wp-includes/plugin.php:441
Stack trace:
#0 /Users/Jasonpedicone_1/Local Sites/test-site/app/public/wp-content/themes/udemy/functions.php(14): add_action('after_setup_the...')
#1 /Users/Jasonpedicone_1/Local Sites/test-site/app/public/wp-settings.php(600): include('/Users/Jasonped...')
#2 /Users/Jasonpedicone_1/Local Sites/test-site/app/public/wp-config.php(102): require_once('/Users/Jasonped...')
#3 /Users/Jasonpedicone_1/Local Sites/test-site/app/public/wp-load.php(50): require_once('/Users/Jasonped...')
#4 /Users/Jasonpedicone_1/Local Sites/test-site/app/public/wp-blog-header.php(13): require_once('/Users/Jasonped...')
#5 /Users/Jasonpedicone_1/Local Sites/test-site/app/public/index.php(17): require('/Users/Jasonped...')
#6 {main}
  thrown in /Users/Jasonpedicone_1/Local Sites/test-site/app/public/wp-includes/plugin.php on line 441
[09-Nov-2023 02:15:21 UTC] PHP Warning:  mysqli_real_connect(): (HY000/2002): No such file or directory in /Users/Jasonpedicone_1/Local Sites/test-site/app/public/wp-includes/class-wpdb.php on line 1972
[09-Nov-2023 02:15:21 UTC] PHP Warning:  mysqli_real_connect(): (HY000/2002): No such file or directory in /Users/Jasonpedicone_1/Local Sites/test-site/app/public/wp-includes/class-wpdb.php on line 1972
[09-Nov-2023 02:15:25 UTC] PHP Deprecated:  Return type of WP_CLI\Iterators\Transform::current() should either be compatible with IteratorIterator::current(): mixed, or the #[\ReturnTypeWillChange] attribute should be used to temporarily suppress the notice in phar:///Applications/Local.app/Contents/Resources/extraResources/bin/wp-cli/wp-cli.phar/vendor/wp-cli/wp-cli/php/WP_CLI/Iterators/Transform.php on line 18
[12-Nov-2023 11:44:59 UTC] PHP Warning:  mysqli_real_connect(): (HY000/2002): No such file or directory in /Users/Jasonpedicone_1/Local Sites/test-site/app/public/wp-includes/class-wpdb.php on line 1987
[12-Nov-2023 11:44:59 UTC] PHP Warning:  mysqli_real_connect(): (HY000/2002): No such file or directory in /Users/Jasonpedicone_1/Local Sites/test-site/app/public/wp-includes/class-wpdb.php on line 1987
[12-Nov-2023 11:45:03 UTC] PHP Deprecated:  Return type of WP_CLI\Iterators\Transform::current() should either be compatible with IteratorIterator::current(): mixed, or the #[\ReturnTypeWillChange] attribute should be used to temporarily suppress the notice in phar:///Applications/Local.app/Contents/Resources/extraResources/bin/wp-cli/wp-cli.phar/vendor/wp-cli/wp-cli/php/WP_CLI/Iterators/Transform.php on line 18
[18-Nov-2023 12:54:56 UTC] PHP Warning:  mysqli_real_connect(): (HY000/2002): No such file or directory in /Users/Jasonpedicone_1/Local Sites/test-site/app/public/wp-includes/class-wpdb.php on line 1987
[18-Nov-2023 12:55:05 UTC] PHP Warning:  mysqli_real_connect(): (HY000/2002): No such file or directory in /Users/Jasonpedicone_1/Local Sites/test-site/app/public/wp-includes/class-wpdb.php on line 1987
[18-Nov-2023 12:55:05 UTC] PHP Warning:  mysqli_real_connect(): (HY000/2002): No such file or directory in /Users/Jasonpedicone_1/Local Sites/test-site/app/public/wp-includes/class-wpdb.php on line 1987
[18-Nov-2023 12:55:09 UTC] PHP Deprecated:  Return type of WP_CLI\Iterators\Transform::current() should either be compatible with IteratorIterator::current(): mixed, or the #[\ReturnTypeWillChange] attribute should be used to temporarily suppress the notice in phar:///Applications/Local.app/Contents/Resources/extraResources/bin/wp-cli/wp-cli.phar/vendor/wp-cli/wp-cli/php/WP_CLI/Iterators/Transform.php on line 18
[18-Nov-2023 13:01:30 UTC] PHP Parse error:  syntax error, unexpected token "}" in /Users/Jasonpedicone_1/Local Sites/test-site/app/public/wp-content/plugins/index.php on line 19
[18-Nov-2023 13:01:32 UTC] PHP Parse error:  syntax error, unexpected token "}" in /Users/Jasonpedicone_1/Local Sites/test-site/app/public/wp-content/plugins/index.php on line 19
[18-Nov-2023 13:01:37 UTC] PHP Parse error:  syntax error, unexpected token "}" in /Users/Jasonpedicone_1/Local Sites/test-site/app/public/wp-content/plugins/index.php on line 19
[18-Nov-2023 13:01:37 UTC] PHP Parse error:  syntax error, unexpected token "}" in /Users/Jasonpedicone_1/Local Sites/test-site/app/public/wp-content/plugins/index.php on line 19
[18-Nov-2023 13:02:24 UTC] PHP Parse error:  syntax error, unexpected token "}" in /Users/Jasonpedicone_1/Local Sites/test-site/app/public/wp-content/plugins/index.php on line 19
[18-Nov-2023 13:02:24 UTC] PHP Parse error:  syntax error, unexpected token "}" in /Users/Jasonpedicone_1/Local Sites/test-site/app/public/wp-content/plugins/index.php on line 19
[18-Nov-2023 13:02:36 UTC] PHP Parse error:  syntax error, unexpected token "}" in /Users/Jasonpedicone_1/Local Sites/test-site/app/public/wp-content/plugins/index.php on line 19
[18-Nov-2023 13:02:36 UTC] PHP Parse error:  syntax error, unexpected token "}" in /Users/Jasonpedicone_1/Local Sites/test-site/app/public/wp-content/plugins/index.php on line 19
[18-Nov-2023 18:02:17 UTC] PHP Deprecated:  Return type of WP_CLI\Iterators\Transform::current() should either be compatible with IteratorIterator::current(): mixed, or the #[\ReturnTypeWillChange] attribute should be used to temporarily suppress the notice in phar:///Applications/Local.app/Contents/Resources/extraResources/bin/wp-cli/wp-cli.phar/vendor/wp-cli/wp-cli/php/WP_CLI/Iterators/Transform.php on line 18
[18-Nov-2023 19:38:58 UTC] PHP Deprecated:  Return type of WP_CLI\Iterators\Transform::current() should either be compatible with IteratorIterator::current(): mixed, or the #[\ReturnTypeWillChange] attribute should be used to temporarily suppress the notice in phar:///Applications/Local.app/Contents/Resources/extraResources/bin/wp-cli/wp-cli.phar/vendor/wp-cli/wp-cli/php/WP_CLI/Iterators/Transform.php on line 18
[24-Nov-2023 13:37:48 UTC] PHP Warning:  mysqli_real_connect(): (HY000/2002): No such file or directory in /Users/Jasonpedicone_1/Local Sites/test-site/app/public/wp-includes/class-wpdb.php on line 1987
[24-Nov-2023 13:37:50 UTC] PHP Warning:  mysqli_real_connect(): (HY000/2002): No such file or directory in /Users/Jasonpedicone_1/Local Sites/test-site/app/public/wp-includes/class-wpdb.php on line 1987
[24-Nov-2023 13:37:50 UTC] PHP Warning:  mysqli_real_connect(): (HY000/2002): No such file or directory in /Users/Jasonpedicone_1/Local Sites/test-site/app/public/wp-includes/class-wpdb.php on line 1987
[24-Nov-2023 13:37:54 UTC] PHP Deprecated:  Return type of WP_CLI\Iterators\Transform::current() should either be compatible with IteratorIterator::current(): mixed, or the #[\ReturnTypeWillChange] attribute should be used to temporarily suppress the notice in phar:///Applications/Local.app/Contents/Resources/extraResources/bin/wp-cli/wp-cli.phar/vendor/wp-cli/wp-cli/php/WP_CLI/Iterators/Transform.php on line 18
[24-Nov-2023 13:38:51 UTC] PHP Warning:  Undefined property: stdClass::$id in /Users/Jasonpedicone_1/Local Sites/test-site/app/public/wp-includes/rest-api/endpoints/class-wp-rest-posts-controller.php on line 669
[24-Nov-2023 13:38:51 UTC] PHP Warning:  Undefined property: stdClass::$post_parent in /Users/Jasonpedicone_1/Local Sites/test-site/app/public/wp-includes/rest-api/endpoints/class-wp-rest-posts-controller.php on line 672
