[05-Nov-2023 06:54:05] NOTICE: fpm is running, pid 29196
[05-Nov-2023 06:54:05] NOTICE: ready to handle connections
[05-Nov-2023 09:25:25] NOTICE: Terminating ...
[05-Nov-2023 09:25:25] NOTICE: Terminating ...
[05-Nov-2023 09:25:25] NOTICE: exiting, bye-bye!
[05-Nov-2023 09:25:32] NOTICE: fpm is running, pid 37027
[05-Nov-2023 09:25:32] NOTICE: ready to handle connections
[05-Nov-2023 09:25:41] NOTICE: Terminating ...
[05-Nov-2023 09:25:41] NOTICE: Terminating ...
[05-Nov-2023 09:25:41] NOTICE: exiting, bye-bye!
[05-Nov-2023 09:25:59] NOTICE: fpm is running, pid 37156
[05-Nov-2023 09:25:59] NOTICE: ready to handle connections
[05-Nov-2023 12:21:05] ERROR: Another FPM instance seems to already listen on /Users/Jasonpedicone_1/Library/Application Support/Local/run/Ovq-gs8pd/php/php-fpm.socket
[05-Nov-2023 12:21:05] ERROR: FPM initialization failed
[05-Nov-2023 12:21:06] ERROR: Another FPM instance seems to already listen on /Users/Jasonpedicone_1/Library/Application Support/Local/run/Ovq-gs8pd/php/php-fpm.socket
[05-Nov-2023 12:21:06] ERROR: FPM initialization failed
[05-Nov-2023 12:21:06] ERROR: Another FPM instance seems to already listen on /Users/Jasonpedicone_1/Library/Application Support/Local/run/Ovq-gs8pd/php/php-fpm.socket
[05-Nov-2023 12:21:06] ERROR: FPM initialization failed
[05-Nov-2023 12:21:07] ERROR: Another FPM instance seems to already listen on /Users/Jasonpedicone_1/Library/Application Support/Local/run/Ovq-gs8pd/php/php-fpm.socket
[05-Nov-2023 12:21:07] ERROR: FPM initialization failed
[05-Nov-2023 17:08:53] NOTICE: fpm is running, pid 2317
[05-Nov-2023 17:08:53] NOTICE: ready to handle connections
[05-Nov-2023 18:41:37] NOTICE: Terminating ...
[05-Nov-2023 18:41:37] NOTICE: Terminating ...
[05-Nov-2023 18:41:37] NOTICE: exiting, bye-bye!
[06-Nov-2023 06:14:21] NOTICE: fpm is running, pid 7677
[06-Nov-2023 06:14:21] NOTICE: ready to handle connections
[06-Nov-2023 18:07:14] NOTICE: Terminating ...
[06-Nov-2023 18:07:14] NOTICE: Terminating ...
[06-Nov-2023 18:07:14] NOTICE: exiting, bye-bye!
[06-Nov-2023 21:48:55] NOTICE: fpm is running, pid 45717
[06-Nov-2023 21:48:55] NOTICE: ready to handle connections
[06-Nov-2023 23:10:28] NOTICE: Terminating ...
[06-Nov-2023 23:10:28] NOTICE: Terminating ...
[06-Nov-2023 23:10:28] NOTICE: exiting, bye-bye!
[07-Nov-2023 05:56:34] NOTICE: fpm is running, pid 50296
[07-Nov-2023 05:56:34] NOTICE: ready to handle connections
[08-Nov-2023 10:31:30] NOTICE: Terminating ...
[08-Nov-2023 10:31:30] NOTICE: Terminating ...
[08-Nov-2023 10:31:30] NOTICE: exiting, bye-bye!
[08-Nov-2023 21:15:21] NOTICE: fpm is running, pid 8327
[08-Nov-2023 21:15:21] NOTICE: ready to handle connections
[11-Nov-2023 07:55:18] NOTICE: Terminating ...
[11-Nov-2023 07:55:18] NOTICE: Terminating ...
[11-Nov-2023 07:55:18] NOTICE: exiting, bye-bye!
[12-Nov-2023 06:44:59] NOTICE: fpm is running, pid 1383
[12-Nov-2023 06:44:59] NOTICE: ready to handle connections
[12-Nov-2023 08:35:13] NOTICE: Terminating ...
[12-Nov-2023 08:35:13] NOTICE: Terminating ...
[12-Nov-2023 08:35:13] NOTICE: exiting, bye-bye!
[18-Nov-2023 07:55:05] NOTICE: fpm is running, pid 94490
[18-Nov-2023 07:55:05] NOTICE: ready to handle connections
[19-Nov-2023 09:01:34] NOTICE: Terminating ...
[19-Nov-2023 09:01:34] NOTICE: Terminating ...
[19-Nov-2023 09:01:34] NOTICE: exiting, bye-bye!
[24-Nov-2023 08:37:50] NOTICE: fpm is running, pid 7402
[24-Nov-2023 08:37:50] NOTICE: ready to handle connections
